<?xml version="1.0" encoding="UTF-8"?>
<!-- Generated by org.testng.reporters.JUnitReportReporter -->
<testsuite skipped="0" hostname="MT-PF185WZ2" name="Amazon.testCase.TC_LoginTest_001" tests="5" failures="0" timestamp="2021-09-07T18:59:42 IST" time="39.744" errors="0">
  <testcase name="loginTest" time="7.647" classname="Amazon.testCase.TC_LoginTest_001"/>
  <system-out/>
  <testcase name="SearchProducts" time="8.166" classname="Amazon.testCase.TC_LoginTest_001"/>
  <system-out/>
  <testcase name="SearchProducts" time="8.045" classname="Amazon.testCase.TC_LoginTest_001"/>
  <system-out/>
  <testcase name="SearchProducts" time="7.575" classname="Amazon.testCase.TC_LoginTest_001"/>
  <system-out/>
  <testcase name="SearchProducts" time="8.311" classname="Amazon.testCase.TC_LoginTest_001"/>
  <system-out/>
</testsuite> <!-- Amazon.testCase.TC_LoginTest_001 -->
